10/28/2024 10:34:28 INICIANDO...
10/28/2024 10:34:28 1.10.0.1
10/28/2024 10:34:28 Usuário: migue()
10/28/2024 10:34:28 Versão do Sistema Operacional: 6.2.9200
10/28/2024 10:34:28 64 Bits: true
10/28/2024 10:34:28  131.0.3.223 ( 131.0 )
10/28/2024 10:34:28  
10/28/2024 10:34:29 Verificando se Firefox está instalado...
10/28/2024 10:34:29 Firefox instalado, ajustando configurações necessárias...
10/28/2024 10:34:29 [Atualização Windows Installer] Verificando...
10/28/2024 10:34:29 [Atualização Windows Installer] Ok.
10/28/2024 10:34:29 [Terminal Services] Verificando...
10/28/2024 10:34:29 [Terminal Services] Ok.
10/28/2024 10:34:29 [Limpeza do cache IE] Verificando...
10/28/2024 10:34:29 [Limpeza do cache IE] Limpando...
10/28/2024 10:34:29 [Limpeza do cache IE] Ok.
10/28/2024 10:34:29 [Instalação do Plugin] Verificando...
10/28/2024 10:34:29 [Instalação do Plugin] Efetuando download do instalador...
10/28/2024 10:34:30 [Instalação do Plugin] Instalando...
10/28/2024 10:35:51 [Instalação do Plugin] Ok.
10/28/2024 10:35:51 [Ativação ActiveX IE] Verificando...
10/28/2024 10:35:51 [Ativação ActiveX IE] Ok.
10/28/2024 10:35:51 [Ativação do Plugin IE] Verificando...
10/28/2024 10:35:51 [Ativação do Plugin IE] Ok.
10/28/2024 10:35:51 [Checando serviço do WarSaw] Verificando...
10/28/2024 10:35:51 [Checando serviço do WarSaw] Efetuando download do instalador...
10/28/2024 10:35:54 [Checando serviço do WarSaw] Ocorreu um problema durante o download.
10/28/2024 10:35:58 CONCLUÍDO.
10/28/2024 10:36:19 INICIANDO...
10/28/2024 10:36:19 1.10.0.1
10/28/2024 10:36:19 Usuário: migue()
10/28/2024 10:36:19 Versão do Sistema Operacional: 6.2.9200
10/28/2024 10:36:19 64 Bits: true
10/28/2024 10:36:19  131.0.3.223 ( 131.0 )
10/28/2024 10:36:19  
10/28/2024 10:36:19 Verificando se Firefox está instalado...
10/28/2024 10:36:19 Firefox instalado, ajustando configurações necessárias...
10/28/2024 10:36:19 [Atualização Windows Installer] Verificando...
10/28/2024 10:36:19 [Atualização Windows Installer] Ok.
10/28/2024 10:36:19 [Terminal Services] Verificando...
10/28/2024 10:36:19 [Terminal Services] Ok.
10/28/2024 10:36:19 [Limpeza do cache IE] Verificando...
10/28/2024 10:36:19 [Limpeza do cache IE] Limpando...
10/28/2024 10:36:19 [Limpeza do cache IE] Ok.
10/28/2024 10:36:19 [Instalação do Plugin] Verificando...
10/28/2024 10:36:19 [Instalação do Plugin] Ok.
10/28/2024 10:36:19 [Ativação ActiveX IE] Verificando...
10/28/2024 10:36:19 [Ativação ActiveX IE] Ok.
10/28/2024 10:36:19 [Ativação do Plugin IE] Verificando...
10/28/2024 10:36:19 [Ativação do Plugin IE] Ok.
10/28/2024 10:36:19 [Checando serviço do WarSaw] Verificando...
10/28/2024 10:36:19 [Checando serviço do WarSaw] Efetuando download do instalador...
10/28/2024 10:36:21 [Checando serviço do WarSaw] Ocorreu um problema durante o download.
10/28/2024 10:36:24 CONCLUÍDO.
10/28/2024 10:49:42 INICIANDO...
10/28/2024 10:49:42 1.10.0.1
10/28/2024 10:49:42 Usuário: migue()
10/28/2024 10:49:42 Versão do Sistema Operacional: 6.2.9200
10/28/2024 10:49:42 64 Bits: true
10/28/2024 10:49:42  131.0.3.223 ( 131.0 )
10/28/2024 10:49:42  
10/28/2024 10:49:42 Verificando se Firefox está instalado...
10/28/2024 10:49:42 Firefox instalado, ajustando configurações necessárias...
10/28/2024 10:49:42 [Atualização Windows Installer] Verificando...
10/28/2024 10:49:42 [Atualização Windows Installer] Ok.
10/28/2024 10:49:42 [Terminal Services] Verificando...
10/28/2024 10:49:42 [Terminal Services] Ok.
10/28/2024 10:49:42 [Limpeza do cache IE] Verificando...
10/28/2024 10:49:42 [Limpeza do cache IE] Limpando...
10/28/2024 10:49:42 [Limpeza do cache IE] Ok.
10/28/2024 10:49:42 [Instalação do Plugin] Verificando...
10/28/2024 10:49:42 [Instalação do Plugin] Ok.
10/28/2024 10:49:42 [Ativação ActiveX IE] Verificando...
10/28/2024 10:49:42 [Ativação ActiveX IE] Ok.
10/28/2024 10:49:42 [Ativação do Plugin IE] Verificando...
10/28/2024 10:49:42 [Ativação do Plugin IE] Ok.
10/28/2024 10:49:42 [Checando serviço do WarSaw] Verificando...
10/28/2024 10:49:42 [Checando serviço do WarSaw] Efetuando download do instalador...
10/28/2024 10:49:44 [Checando serviço do WarSaw] Ocorreu um problema durante o download.
10/28/2024 10:50:01 CONCLUÍDO.
10/28/2024 10:50:30 INICIANDO...
10/28/2024 10:50:30 1.10.0.1
10/28/2024 10:50:30 Usuário: migue()
10/28/2024 10:50:30 Versão do Sistema Operacional: 6.2.9200
10/28/2024 10:50:30 64 Bits: true
10/28/2024 10:50:30  131.0.3.223 ( 131.0 )
10/28/2024 10:50:30  
10/28/2024 10:50:30 Verificando se Firefox está instalado...
10/28/2024 10:50:30 Firefox instalado, ajustando configurações necessárias...
10/28/2024 10:50:30 [Atualização Windows Installer] Verificando...
10/28/2024 10:50:30 [Atualização Windows Installer] Ok.
10/28/2024 10:50:30 [Terminal Services] Verificando...
10/28/2024 10:50:30 [Terminal Services] Ok.
10/28/2024 10:50:30 [Limpeza do cache IE] Verificando...
10/28/2024 10:50:30 [Limpeza do cache IE] Limpando...
10/28/2024 10:50:30 [Limpeza do cache IE] Ok.
10/28/2024 10:50:30 [Instalação do Plugin] Verificando...
10/28/2024 10:50:30 [Instalação do Plugin] Ok.
10/28/2024 10:50:30 [Ativação ActiveX IE] Verificando...
10/28/2024 10:50:30 [Ativação ActiveX IE] Ok.
10/28/2024 10:50:30 [Ativação do Plugin IE] Verificando...
10/28/2024 10:50:30 [Ativação do Plugin IE] Ok.
10/28/2024 10:50:30 [Checando serviço do WarSaw] Verificando...
10/28/2024 10:50:30 [Checando serviço do WarSaw] Efetuando download do instalador...
10/28/2024 10:50:32 [Checando serviço do WarSaw] Ocorreu um problema durante o download.
10/28/2024 10:50:34 CONCLUÍDO.
10/28/2024 10:57:00 INICIANDO...
10/28/2024 10:57:00 1.10.0.1
10/28/2024 10:57:00 Usuário: migue()
10/28/2024 10:57:00 Versão do Sistema Operacional: 6.2.9200
10/28/2024 10:57:00 64 Bits: true
10/28/2024 10:57:00  131.0.3.223 ( 131.0 )
10/28/2024 10:57:00  
10/28/2024 10:57:00 Verificando se Firefox está instalado...
10/28/2024 10:57:00 Firefox instalado, ajustando configurações necessárias...
10/28/2024 10:57:00 [Atualização Windows Installer] Verificando...
10/28/2024 10:57:00 [Atualização Windows Installer] Ok.
10/28/2024 10:57:00 [Terminal Services] Verificando...
10/28/2024 10:57:00 [Terminal Services] Ok.
10/28/2024 10:57:00 [Limpeza do cache IE] Verificando...
10/28/2024 10:57:00 [Limpeza do cache IE] Limpando...
10/28/2024 10:57:00 [Limpeza do cache IE] Ok.
10/28/2024 10:57:00 [Instalação do Plugin] Verificando...
10/28/2024 10:57:01 [Instalação do Plugin] Ok.
10/28/2024 10:57:01 [Ativação ActiveX IE] Verificando...
10/28/2024 10:57:01 [Ativação ActiveX IE] Ok.
10/28/2024 10:57:01 [Ativação do Plugin IE] Verificando...
10/28/2024 10:57:01 [Ativação do Plugin IE] Ok.
10/28/2024 10:57:01 [Checando serviço do WarSaw] Verificando...
10/28/2024 10:57:01 [Checando serviço do WarSaw] Efetuando download do instalador...
10/28/2024 10:57:02 [Checando serviço do WarSaw] Ocorreu um problema durante o download.
10/28/2024 10:57:07 CONCLUÍDO.
